2023-10-19T13:16:24.444Z
SyntaxError: You have a syntax error at "db.dbml" line 20 column 26. Expected " " or <>, >, - or < but "U" found.
    at /mnt/c/Users/User/AppData/Roaming/nvm/v18.18.0/node_modules/@dbml/cli/lib/cli/utils.js:45:13
    at Array.forEach (<anonymous>)
    at generate (/mnt/c/Users/User/AppData/Roaming/nvm/v18.18.0/node_modules/@dbml/cli/lib/cli/utils.js:39:14)
    at exportHandler (/mnt/c/Users/User/AppData/Roaming/nvm/v18.18.0/node_modules/@dbml/cli/lib/cli/export.js:28:27)
    at Object.dbml2sql (/mnt/c/Users/User/AppData/Roaming/nvm/v18.18.0/node_modules/@dbml/cli/lib/cli/index.js:19:23)
    at Object.<anonymous> (/mnt/c/Users/User/AppData/Roaming/nvm/v18.18.0/node_modules/@dbml/cli/bin/dbml2sql.js:4:19)
    at Module._compile (internal/modules/cjs/loader.js:999:30)
    at Object.Module._extensions..js (internal/modules/cjs/loader.js:1027:10)
    at Module.load (internal/modules/cjs/loader.js:863:32)
    at Function.Module._load (internal/modules/cjs/loader.js:708:14)

ROOT_ERROR:
SyntaxError: Expected " " or <>, >, - or < but "U" found.
    at peg$buildStructuredError (/mnt/c/Users/User/AppData/Roaming/nvm/v18.18.0/node_modules/@dbml/cli/node_modules/@dbml/core/lib/parse/dbmlParser.js:1091:12)
    at Object.peg$parse [as parse] (/mnt/c/Users/User/AppData/Roaming/nvm/v18.18.0/node_modules/@dbml/cli/node_modules/@dbml/core/lib/parse/dbmlParser.js:6866:11)
    at Function.parseDBMLToJSON (/mnt/c/Users/User/AppData/Roaming/nvm/v18.18.0/node_modules/@dbml/cli/node_modules/@dbml/core/lib/parse/Parser.js:49:37)
    at Function.parse (/mnt/c/Users/User/AppData/Roaming/nvm/v18.18.0/node_modules/@dbml/cli/node_modules/@dbml/core/lib/parse/Parser.js:76:32)
    at Object._export [as export] (/mnt/c/Users/User/AppData/Roaming/nvm/v18.18.0/node_modules/@dbml/cli/node_modules/@dbml/core/lib/export/index.js:11:37)
    at /mnt/c/Users/User/AppData/Roaming/nvm/v18.18.0/node_modules/@dbml/cli/lib/cli/export.js:28:69
    at /mnt/c/Users/User/AppData/Roaming/nvm/v18.18.0/node_modules/@dbml/cli/lib/cli/utils.js:42:23
    at Array.forEach (<anonymous>)
    at generate (/mnt/c/Users/User/AppData/Roaming/nvm/v18.18.0/node_modules/@dbml/cli/lib/cli/utils.js:39:14)
    at exportHandler (/mnt/c/Users/User/AppData/Roaming/nvm/v18.18.0/node_modules/@dbml/cli/lib/cli/export.js:28:27)
{"start":{"offset":500,"line":20,"column":26},"end":{"offset":501,"line":20,"column":27}}

